<?xml version="1.0" encoding="UTF-8"?>
<testng-results ignored="0" total="2" passed="2" failed="0" skipped="0">
  <reporter-output>
  </reporter-output>
  <suite started-at="2022-08-30T23:44:16 CDT" name="Default suite" finished-at="2022-08-30T23:44:30 CDT" duration-ms="13749">
    <groups>
    </groups>
    <test started-at="2022-08-30T23:44:16 CDT" name="Default test" finished-at="2022-08-30T23:44:30 CDT" duration-ms="13749">
      <class name="variousConcept.LoginTestng">
        <test-method is-config="true" signature="readConfig()[pri:0, instance:variousConcept.LoginTestng@4a7f959b]" started-at="2022-08-30T23:44:16 CDT" name="readConfig" finished-at="2022-08-30T23:44:16 CDT" duration-ms="7" status="PASS">
          <reporter-output>
          </reporter-output>
        </test-method> <!-- readConfig -->
        <test-method is-config="true" signature="init()[pri:0, instance:variousConcept.LoginTestng@4a7f959b]" started-at="2022-08-30T23:44:16 CDT" name="init" finished-at="2022-08-30T23:44:19 CDT" duration-ms="2737" status="PASS">
          <reporter-output>
          </reporter-output>
        </test-method> <!-- init -->
        <test-method signature="loginTest()[pri:1, instance:variousConcept.LoginTestng@4a7f959b]" started-at="2022-08-30T23:44:19 CDT" name="loginTest" finished-at="2022-08-30T23:44:21 CDT" duration-ms="1801" status="PASS">
          <reporter-output>
          </reporter-output>
        </test-method> <!-- loginTest -->
        <test-method is-config="true" signature="init()[pri:0, instance:variousConcept.LoginTestng@4a7f959b]" started-at="2022-08-30T23:44:21 CDT" name="init" finished-at="2022-08-30T23:44:23 CDT" duration-ms="2177" status="PASS">
          <reporter-output>
          </reporter-output>
        </test-method> <!-- init -->
        <test-method signature="addcustomer()[pri:2, instance:variousConcept.LoginTestng@4a7f959b]" started-at="2022-08-30T23:44:23 CDT" name="addcustomer" finished-at="2022-08-30T23:44:30 CDT" duration-ms="6991" status="PASS">
          <reporter-output>
          </reporter-output>
        </test-method> <!-- addcustomer -->
      </class> <!-- variousConcept.LoginTestng -->
    </test> <!-- Default test -->
  </suite> <!-- Default suite -->
</testng-results>
